[38;5;112m[Appium][0m Welcome to Appium v2.11.3
[38;5;112m[Appium][0m Non-default server args:
[38;5;112m[Appium][0m { basePath: [32m'/wd/hub'[39m, loglevel: [32m'info'[39m, port: [33m55542[39m }
[38;5;112m[Appium][0m Attempting to load driver uiautomator2...
[38;5;112m[Appium][0m Appium REST http interface listener started on http://0.0.0.0:55542/wd/hub
[38;5;112m[Appium][0m You can provide the following URLs in your client code to connect to this server:
	http://192.168.8.137:55542/wd/hub
	http://127.0.0.1:55542/wd/hub (only accessible from the same host)
[38;5;112m[Appium][0m Available drivers:
[38;5;112m[Appium][0m   - uiautomator2@3.7.9 (automationName 'UiAutomator2')
[38;5;112m[Appium][0m No plugins have been installed. Use the "appium plugin" command to install the one(s) you want to use.
[38;5;86m[HTTP][0m [37m-->[39m [37mGET[39m [37m/wd/hub/status[39m [90m{}[39m
[38;5;86m[HTTP][0m [37m<-- GET /wd/hub/status [39m[32m200[39m [90m12 ms - 111[39m [90m[39m
[38;5;86m[HTTP][0m [37m-->[39m [37mPOST[39m [37m/wd/hub/session[39m [90m{"desiredCapabilities":{"appium:systemPort":55540,"appium:newCommandTimeout":1800,"appium:automationName":"uiautomator2","appium:fullReset":true,"appium:platformVersion":"10","appium:noReset":false,"appium:udid":"19f1f53a0403","appium:autoGrantPermissions":true,"appium:platformName":"ANDROID","appium:deviceName":"Xiaomi M2003J15SC (Android 10)","platformName":"Android","appium:app":"C:\\Users\\Acer Aspire Z476\\Downloads\\Todo_2.0_APKPure.apk"},"capabilities":{"firstMatch":[{"appium:app":"C:\\Users\\Acer Aspire Z476\\Downloads\\Todo_2.0_APKPure.apk","appium:autoGrantPermissions":true,"appium:automationName":"uiautomator2","appium:deviceName":"Xiaomi M2003J15SC (Android 10)","appium:fullReset":true,"appium:newCommandTimeout":1800,"appium:noReset":false,"appium:platformName":"ANDROID","appium:platformVersion":"10","appium:systemPort":55540,"appium:udid":"19f1f53a0403","platformName":"android"}]}}[39m
[38;5;123m[BaseDriver][0m Ignoring capability 'appium:platformName=ANDROID' and using capability 'platformName=android'
[38;5;123m[BaseDriver][0m The capabilities ["platformName"] are standard capabilities and do not require "appium:" prefix
[38;5;112m[Appium][0m Attempting to find matching driver for automationName 'uiautomator2' and platformName 'android'
[38;5;112m[Appium][0m The 'uiautomator2' driver was installed and matched caps.
[38;5;112m[Appium][0m Will require it at C:\Users\Acer Aspire Z476\.appium\node_modules\appium-uiautomator2-driver
[38;5;98m[AppiumDriver@e0f5][0m Appium v2.11.3 creating new AndroidUiautomator2Driver (v3.7.9) session
[38;5;98m[AppiumDriver@e0f5][0m Checking BaseDriver versions for Appium and AndroidUiautomator2Driver
[38;5;98m[AppiumDriver@e0f5][0m Appium's BaseDriver version is 9.11.3
[38;5;98m[AppiumDriver@e0f5][0m AndroidUiautomator2Driver's BaseDriver version is 9.11.3
[38;5;127m[c16f6e0f][0m[38;5;-196m[AndroidUiautomator2Driver@13d9][0m Session created with session id: c16f6e0f-3c6b-4719-a92d-e85b64f63cd4
[38;5;127m[c16f6e0f][0m[38;5;229m[ADB][0m Found 1 'build-tools' folders under 'C:\Users\Acer Aspire Z476\.katalon\tools\android_sdk' (newest first):
[38;5;127m[c16f6e0f][0m[38;5;229m[ADB][0m     C:\Users\Acer Aspire Z476\.katalon\tools\android_sdk\build-tools\29.0.3
[38;5;127m[c16f6e0f][0m[38;5;229m[ADB][0m Using 'adb.exe' from 'C:\Users\Acer Aspire Z476\.katalon\tools\android_sdk\platform-tools\adb.exe'
[38;5;127m[c16f6e0f][0m[38;5;-196m[AndroidUiautomator2Driver@13d9][0m Retrieving device list
[38;5;127m[c16f6e0f][0m[38;5;-196m[AndroidUiautomator2Driver@13d9][0m Using device: 19f1f53a0403
[38;5;127m[c16f6e0f][0m[38;5;229m[ADB][0m Using 'adb.exe' from 'C:\Users\Acer Aspire Z476\.katalon\tools\android_sdk\platform-tools\adb.exe'
[38;5;127m[c16f6e0f][0m[38;5;123m[BaseDriver][0m Using local app 'C:\Users\Acer Aspire Z476\Downloads\Todo_2.0_APKPure.apk'
[38;5;127m[c16f6e0f][0m[38;5;229m[ADB][0m Getting device platform version
[38;5;127m[c16f6e0f][0m[38;5;-196m[AndroidUiautomator2Driver@13d9][0m Relaxing hidden api policy
[38;5;127m[c16f6e0f][0m[38;5;229m[ADB][0m Using 'aapt2.exe' from 'C:\Users\Acer Aspire Z476\.katalon\tools\android_sdk\build-tools\29.0.3\aapt2.exe'
[38;5;127m[c16f6e0f][0m[38;5;229m[ADB][0m Package name: 'com.avinashproduct.todo'
[38;5;127m[c16f6e0f][0m[38;5;229m[ADB][0m Main activity name: 'com.avinashproduct.todo.SplashScreenActivity'
[38;5;127m[c16f6e0f][0m[38;5;229m[ADB][0m Using 'apksigner.jar' from 'C:\Users\Acer Aspire Z476\.katalon\tools\android_sdk\build-tools\29.0.3\lib\apksigner.jar'
[38;5;127m[c16f6e0f][0m[38;5;-196m[AndroidUiautomator2Driver@13d9][0m Server packages are not going to be (re)installed
[38;5;127m[c16f6e0f][0m[38;5;229m[ADB][0m Adding packages ["io.appium.settings","io.appium.uiautomator2.server","io.appium.uiautomator2.server.test"] to Doze whitelist
[38;5;127m[c16f6e0f][0m[38;5;229m[ADB][0m 'C:\Users\Acer Aspire Z476\Downloads\Todo_2.0_APKPure.apk' is signed with a non-default certificate
[38;5;127m[c16f6e0f][0m[38;5;229m[ADB][0m com.avinashproduct.todo was not uninstalled, because it was not present on the device
[38;5;127m[c16f6e0f][0m[38;5;229m[ADB][0m The application at 'C:\Users\Acer Aspire Z476\Downloads\Todo_2.0_APKPure.apk' will not be cached, because the device under test has confirmed the support of streamed installs
[38;5;127m[c16f6e0f][0m[38;5;229m[ADB][0m The installation of 'Todo_2.0_APKPure.apk' took 7470ms
[38;5;127m[c16f6e0f][0m[38;5;-196m[AndroidUiautomator2Driver@13d9][0m Starting UIAutomator2 server 7.0.24
[38;5;127m[c16f6e0f][0m[38;5;-196m[AndroidUiautomator2Driver@13d9][0m Using UIAutomator2 server from 'C:\Users\Acer Aspire Z476\.appium\node_modules\appium-uiautomator2-driver\node_modules\appium-uiautomator2-server\apks\appium-uiautomator2-server-v7.0.24.apk' and test from 'C:\Users\Acer Aspire Z476\.appium\node_modules\appium-uiautomator2-driver\node_modules\appium-uiautomator2-server\apks\appium-uiautomator2-server-debug-androidTest.apk'
[38;5;127m[c16f6e0f][0m[38;5;-196m[AndroidUiautomator2Driver@13d9][0m Waiting up to 30000ms for UiAutomator2 to be online...
[38;5;127m[c16f6e0f][0m[38;5;-196m[AndroidUiautomator2Driver@13d9][0m socket hang up
[38;5;127m[c16f6e0f][0m[38;5;-196m[AndroidUiautomator2Driver@13d9][0m socket hang up
[38;5;127m[c16f6e0f][0m[38;5;-196m[AndroidUiautomator2Driver@13d9][0m socket hang up
[38;5;127m[c16f6e0f][0m[38;5;-196m[AndroidUiautomator2Driver@13d9][0m socket hang up
[38;5;127m[c16f6e0f][0m[38;5;-196m[AndroidUiautomator2Driver@13d9][0m socket hang up
[38;5;127m[c16f6e0f][0m[38;5;-196m[AndroidUiautomator2Driver@13d9][0m socket hang up
[38;5;127m[c16f6e0f][0m[38;5;-196m[AndroidUiautomator2Driver@13d9][0m Determined the downstream protocol as 'W3C'
[38;5;127m[c16f6e0f][0m[38;5;-196m[AndroidUiautomator2Driver@13d9][0m Screen already unlocked, doing nothing
[38;5;127m[c16f6e0f][0m[38;5;-196m[AndroidUiautomator2Driver@13d9][0m Starting 'com.avinashproduct.todo/com.avinashproduct.todo.SplashScreenActivity and waiting for 'com.avinashproduct.todo/com.avinashproduct.todo.SplashScreenActivity'
[38;5;127m[c16f6e0f][0m[38;5;98m[AppiumDriver@e0f5][0m New AndroidUiautomator2Driver session created successfully, session c16f6e0f-3c6b-4719-a92d-e85b64f63cd4 added to master session list
[38;5;127m[c16f6e0f][0m[38;5;86m[HTTP][0m [37m<-- POST /wd/hub/session [39m[32m200[39m [90m20753 ms - 1215[39m [90m[39m
[38;5;127m[c16f6e0f][0m[38;5;86m[HTTP][0m [37m-->[39m [37mGET[39m [37m/wd/hub/session/c16f6e0f-3c6b-4719-a92d-e85b64f63cd4[39m [90m{}[39m
[38;5;127m[c16f6e0f][0m[38;5;86m[HTTP][0m [37m<-- GET /wd/hub/session/c16f6e0f-3c6b-4719-a92d-e85b64f63cd4 [39m[32m200[39m [90m23 ms - 355[39m [90m[39m
[38;5;127m[c16f6e0f][0m[38;5;86m[HTTP][0m [37m-->[39m [37mGET[39m [37m/wd/hub/session/c16f6e0f-3c6b-4719-a92d-e85b64f63cd4[39m [90m{}[39m
[38;5;127m[c16f6e0f][0m[38;5;86m[HTTP][0m [37m<-- GET /wd/hub/session/c16f6e0f-3c6b-4719-a92d-e85b64f63cd4 [39m[32m200[39m [90m20 ms - 355[39m [90m[39m
[38;5;86m[HTTP][0m [37m-->[39m [37mGET[39m [37m/wd/hub/status[39m [90m{}[39m
[38;5;86m[HTTP][0m [37m<-- GET /wd/hub/status [39m[32m200[39m [90m2 ms - 111[39m [90m[39m
[38;5;127m[c16f6e0f][0m[38;5;86m[HTTP][0m [37m-->[39m [37mPOST[39m [37m/wd/hub/session/c16f6e0f-3c6b-4719-a92d-e85b64f63cd4/timeouts[39m [90m{"implicit":30000}[39m
[38;5;127m[c16f6e0f][0m[38;5;86m[HTTP][0m [37m<-- POST /wd/hub/session/c16f6e0f-3c6b-4719-a92d-e85b64f63cd4/timeouts [39m[32m200[39m [90m6 ms - 14[39m [90m[39m
[38;5;127m[c16f6e0f][0m[38;5;86m[HTTP][0m [37m-->[39m [37mGET[39m [37m/wd/hub/session/c16f6e0f-3c6b-4719-a92d-e85b64f63cd4/appium/device/system_bars[39m [90m{}[39m
[38;5;127m[c16f6e0f][0m[38;5;86m[HTTP][0m [37m<-- GET /wd/hub/session/c16f6e0f-3c6b-4719-a92d-e85b64f63cd4/appium/device/system_bars [39m[32m200[39m [90m143 ms - 152[39m [90m[39m
[38;5;127m[c16f6e0f][0m[38;5;86m[HTTP][0m [37m-->[39m [37mPOST[39m [37m/wd/hub/session/c16f6e0f-3c6b-4719-a92d-e85b64f63cd4/timeouts[39m [90m{"implicit":50}[39m
[38;5;127m[c16f6e0f][0m[38;5;86m[HTTP][0m [37m<-- POST /wd/hub/session/c16f6e0f-3c6b-4719-a92d-e85b64f63cd4/timeouts [39m[32m200[39m [90m6 ms - 14[39m [90m[39m
[38;5;127m[c16f6e0f][0m[38;5;86m[HTTP][0m [37m-->[39m [37mGET[39m [37m/wd/hub/session/c16f6e0f-3c6b-4719-a92d-e85b64f63cd4/window/rect[39m [90m{}[39m
[38;5;127m[c16f6e0f][0m[38;5;86m[HTTP][0m [37m<-- GET /wd/hub/session/c16f6e0f-3c6b-4719-a92d-e85b64f63cd4/window/rect [39m[32m200[39m [90m48 ms - 50[39m [90m[39m
[38;5;127m[c16f6e0f][0m[38;5;86m[HTTP][0m [37m-->[39m [37mPOST[39m [37m/wd/hub/session/c16f6e0f-3c6b-4719-a92d-e85b64f63cd4/elements[39m [90m{"using":"xpath","value":"//*[@class = 'android.widget.TextView' and (@text = 'Skip>>' or . = 'Skip>>') and @resource-id = 'com.avinashproduct.todo:id/txtSkipIntro']"}[39m
[38;5;127m[c16f6e0f][0m[38;5;86m[HTTP][0m [37m<-- POST /wd/hub/session/c16f6e0f-3c6b-4719-a92d-e85b64f63cd4/elements [39m[32m200[39m [90m499 ms - 12[39m [90m[39m
[38;5;127m[c16f6e0f][0m[38;5;86m[HTTP][0m [37m-->[39m [37mPOST[39m [37m/wd/hub/session/c16f6e0f-3c6b-4719-a92d-e85b64f63cd4/elements[39m [90m{"using":"xpath","value":"//*[@class = 'android.widget.TextView' and (@text = 'Skip>>' or . = 'Skip>>') and @resource-id = 'com.avinashproduct.todo:id/txtSkipIntro']"}[39m
[38;5;127m[c16f6e0f][0m[38;5;86m[HTTP][0m [37m<-- POST /wd/hub/session/c16f6e0f-3c6b-4719-a92d-e85b64f63cd4/elements [39m[32m200[39m [90m62 ms - 12[39m [90m[39m
[38;5;127m[c16f6e0f][0m[38;5;86m[HTTP][0m [37m-->[39m [37mPOST[39m [37m/wd/hub/session/c16f6e0f-3c6b-4719-a92d-e85b64f63cd4/elements[39m [90m{"using":"xpath","value":"//*[@class = 'android.widget.TextView' and (@text = 'Skip>>' or . = 'Skip>>') and @resource-id = 'com.avinashproduct.todo:id/txtSkipIntro']"}[39m
[38;5;127m[c16f6e0f][0m[38;5;86m[HTTP][0m [37m<-- POST /wd/hub/session/c16f6e0f-3c6b-4719-a92d-e85b64f63cd4/elements [39m[32m200[39m [90m147 ms - 12[39m [90m[39m
[38;5;127m[c16f6e0f][0m[38;5;86m[HTTP][0m [37m-->[39m [37mPOST[39m [37m/wd/hub/session/c16f6e0f-3c6b-4719-a92d-e85b64f63cd4/elements[39m [90m{"using":"xpath","value":"//*[@class = 'android.widget.TextView' and (@text = 'Skip>>' or . = 'Skip>>') and @resource-id = 'com.avinashproduct.todo:id/txtSkipIntro']"}[39m
[38;5;127m[c16f6e0f][0m[38;5;86m[HTTP][0m [37m<-- POST /wd/hub/session/c16f6e0f-3c6b-4719-a92d-e85b64f63cd4/elements [39m[32m200[39m [90m73 ms - 12[39m [90m[39m
[38;5;127m[c16f6e0f][0m[38;5;86m[HTTP][0m [37m-->[39m [37mPOST[39m [37m/wd/hub/session/c16f6e0f-3c6b-4719-a92d-e85b64f63cd4/elements[39m [90m{"using":"xpath","value":"//*[@class = 'android.widget.TextView' and (@text = 'Skip>>' or . = 'Skip>>') and @resource-id = 'com.avinashproduct.todo:id/txtSkipIntro']"}[39m
[38;5;127m[c16f6e0f][0m[38;5;86m[HTTP][0m [37m<-- POST /wd/hub/session/c16f6e0f-3c6b-4719-a92d-e85b64f63cd4/elements [39m[32m200[39m [90m53 ms - 12[39m [90m[39m
[38;5;127m[c16f6e0f][0m[38;5;86m[HTTP][0m [37m-->[39m [37mPOST[39m [37m/wd/hub/session/c16f6e0f-3c6b-4719-a92d-e85b64f63cd4/elements[39m [90m{"using":"xpath","value":"//*[@class = 'android.widget.TextView' and (@text = 'Skip>>' or . = 'Skip>>') and @resource-id = 'com.avinashproduct.todo:id/txtSkipIntro']"}[39m
[38;5;127m[c16f6e0f][0m[38;5;86m[HTTP][0m [37m<-- POST /wd/hub/session/c16f6e0f-3c6b-4719-a92d-e85b64f63cd4/elements [39m[32m200[39m [90m54 ms - 12[39m [90m[39m
[38;5;127m[c16f6e0f][0m[38;5;86m[HTTP][0m [37m-->[39m [37mPOST[39m [37m/wd/hub/session/c16f6e0f-3c6b-4719-a92d-e85b64f63cd4/elements[39m [90m{"using":"xpath","value":"//*[@class = 'android.widget.TextView' and (@text = 'Skip>>' or . = 'Skip>>') and @resource-id = 'com.avinashproduct.todo:id/txtSkipIntro']"}[39m
[38;5;127m[c16f6e0f][0m[38;5;86m[HTTP][0m [37m<-- POST /wd/hub/session/c16f6e0f-3c6b-4719-a92d-e85b64f63cd4/elements [39m[32m200[39m [90m114 ms - 12[39m [90m[39m
[38;5;127m[c16f6e0f][0m[38;5;86m[HTTP][0m [37m-->[39m [37mPOST[39m [37m/wd/hub/session/c16f6e0f-3c6b-4719-a92d-e85b64f63cd4/elements[39m [90m{"using":"xpath","value":"//*[@class = 'android.widget.TextView' and (@text = 'Skip>>' or . = 'Skip>>') and @resource-id = 'com.avinashproduct.todo:id/txtSkipIntro']"}[39m
[38;5;127m[c16f6e0f][0m[38;5;86m[HTTP][0m [37m<-- POST /wd/hub/session/c16f6e0f-3c6b-4719-a92d-e85b64f63cd4/elements [39m[32m200[39m [90m55 ms - 12[39m [90m[39m
[38;5;127m[c16f6e0f][0m[38;5;86m[HTTP][0m [37m-->[39m [37mPOST[39m [37m/wd/hub/session/c16f6e0f-3c6b-4719-a92d-e85b64f63cd4/elements[39m [90m{"using":"xpath","value":"//*[@class = 'android.widget.TextView' and (@text = 'Skip>>' or . = 'Skip>>') and @resource-id = 'com.avinashproduct.todo:id/txtSkipIntro']"}[39m
[38;5;127m[c16f6e0f][0m[38;5;86m[HTTP][0m [37m<-- POST /wd/hub/session/c16f6e0f-3c6b-4719-a92d-e85b64f63cd4/elements [39m[32m200[39m [90m54 ms - 12[39m [90m[39m
[38;5;127m[c16f6e0f][0m[38;5;86m[HTTP][0m [37m-->[39m [37mPOST[39m [37m/wd/hub/session/c16f6e0f-3c6b-4719-a92d-e85b64f63cd4/elements[39m [90m{"using":"xpath","value":"//*[@class = 'android.widget.TextView' and (@text = 'Skip>>' or . = 'Skip>>') and @resource-id = 'com.avinashproduct.todo:id/txtSkipIntro']"}[39m
[38;5;127m[c16f6e0f][0m[38;5;86m[HTTP][0m [37m<-- POST /wd/hub/session/c16f6e0f-3c6b-4719-a92d-e85b64f63cd4/elements [39m[32m200[39m [90m376 ms - 12[39m [90m[39m
[38;5;127m[c16f6e0f][0m[38;5;86m[HTTP][0m [37m-->[39m [37mPOST[39m [37m/wd/hub/session/c16f6e0f-3c6b-4719-a92d-e85b64f63cd4/elements[39m [90m{"using":"xpath","value":"//*[@class = 'android.widget.TextView' and (@text = 'Skip>>' or . = 'Skip>>') and @resource-id = 'com.avinashproduct.todo:id/txtSkipIntro']"}[39m
[38;5;127m[c16f6e0f][0m[38;5;86m[HTTP][0m [37m<-- POST /wd/hub/session/c16f6e0f-3c6b-4719-a92d-e85b64f63cd4/elements [39m[32m200[39m [90m361 ms - 139[39m [90m[39m
[38;5;127m[c16f6e0f][0m[38;5;86m[HTTP][0m [37m-->[39m [37mGET[39m [37m/wd/hub/session/c16f6e0f-3c6b-4719-a92d-e85b64f63cd4/element/00000000-0000-035d-ffff-ffff00000015/location[39m [90m{}[39m
[38;5;127m[c16f6e0f][0m[38;5;-196m[AndroidUiautomator2Driver@13d9][0m Driver proxy active, passing request on via HTTP proxy
[38;5;127m[c16f6e0f][0m[38;5;-196m[AndroidUiautomator2Driver@13d9][0m Replacing sessionId dd738b81-5c2d-4a9c-828a-a3cca468b2f9 with c16f6e0f-3c6b-4719-a92d-e85b64f63cd4
[38;5;127m[c16f6e0f][0m[38;5;86m[HTTP][0m [37m<-- GET /wd/hub/session/c16f6e0f-3c6b-4719-a92d-e85b64f63cd4/element/00000000-0000-035d-ffff-ffff00000015/location [39m[32m200[39m [90m506 ms - 78[39m [90m[39m
[38;5;127m[c16f6e0f][0m[38;5;86m[HTTP][0m [37m-->[39m [37mPOST[39m [37m/wd/hub/session/c16f6e0f-3c6b-4719-a92d-e85b64f63cd4/timeouts[39m [90m{"implicit":30000}[39m
[38;5;127m[c16f6e0f][0m[38;5;86m[HTTP][0m [37m<-- POST /wd/hub/session/c16f6e0f-3c6b-4719-a92d-e85b64f63cd4/timeouts [39m[32m200[39m [90m2 ms - 14[39m [90m[39m
[38;5;127m[c16f6e0f][0m[38;5;86m[HTTP][0m [37m-->[39m [37mPOST[39m [37m/wd/hub/session/c16f6e0f-3c6b-4719-a92d-e85b64f63cd4/element/00000000-0000-035d-ffff-ffff00000015/click[39m [90m{"id":"00000000-0000-035d-ffff-ffff00000015"}[39m
[38;5;127m[c16f6e0f][0m[38;5;86m[HTTP][0m [37m<-- POST /wd/hub/session/c16f6e0f-3c6b-4719-a92d-e85b64f63cd4/element/00000000-0000-035d-ffff-ffff00000015/click [39m[32m200[39m [90m63 ms - 14[39m [90m[39m
[38;5;127m[c16f6e0f][0m[38;5;86m[HTTP][0m [37m-->[39m [37mPOST[39m [37m/wd/hub/session/c16f6e0f-3c6b-4719-a92d-e85b64f63cd4/timeouts[39m [90m{"implicit":50}[39m
[38;5;127m[c16f6e0f][0m[38;5;86m[HTTP][0m [37m<-- POST /wd/hub/session/c16f6e0f-3c6b-4719-a92d-e85b64f63cd4/timeouts [39m[32m200[39m [90m2 ms - 14[39m [90m[39m
[38;5;127m[c16f6e0f][0m[38;5;86m[HTTP][0m [37m-->[39m [37mGET[39m [37m/wd/hub/session/c16f6e0f-3c6b-4719-a92d-e85b64f63cd4/window/rect[39m [90m{}[39m
[38;5;127m[c16f6e0f][0m[38;5;86m[HTTP][0m [37m<-- GET /wd/hub/session/c16f6e0f-3c6b-4719-a92d-e85b64f63cd4/window/rect [39m[32m200[39m [90m29 ms - 50[39m [90m[39m
[38;5;127m[c16f6e0f][0m[38;5;86m[HTTP][0m [37m-->[39m [37mPOST[39m [37m/wd/hub/session/c16f6e0f-3c6b-4719-a92d-e85b64f63cd4/elements[39m [90m{"using":"xpath","value":"//*[@class = 'android.widget.TextView' and (@text = 'Todo' or . = 'Todo')]"}[39m
[38;5;127m[c16f6e0f][0m[38;5;86m[HTTP][0m [37m<-- POST /wd/hub/session/c16f6e0f-3c6b-4719-a92d-e85b64f63cd4/elements [39m[32m200[39m [90m977 ms - 139[39m [90m[39m
[38;5;127m[c16f6e0f][0m[38;5;86m[HTTP][0m [37m-->[39m [37mGET[39m [37m/wd/hub/session/c16f6e0f-3c6b-4719-a92d-e85b64f63cd4/element/00000000-0000-035e-ffff-ffff00000029/location[39m [90m{}[39m
[38;5;127m[c16f6e0f][0m[38;5;-196m[AndroidUiautomator2Driver@13d9][0m Driver proxy active, passing request on via HTTP proxy
[38;5;127m[c16f6e0f][0m[38;5;-196m[AndroidUiautomator2Driver@13d9][0m Replacing sessionId dd738b81-5c2d-4a9c-828a-a3cca468b2f9 with c16f6e0f-3c6b-4719-a92d-e85b64f63cd4
[38;5;127m[c16f6e0f][0m[38;5;86m[HTTP][0m [37m<-- GET /wd/hub/session/c16f6e0f-3c6b-4719-a92d-e85b64f63cd4/element/00000000-0000-035e-ffff-ffff00000029/location [39m[32m200[39m [90m25 ms - 78[39m [90m[39m
[38;5;127m[c16f6e0f][0m[38;5;86m[HTTP][0m [37m-->[39m [37mPOST[39m [37m/wd/hub/session/c16f6e0f-3c6b-4719-a92d-e85b64f63cd4/timeouts[39m [90m{"implicit":30000}[39m
[38;5;127m[c16f6e0f][0m[38;5;86m[HTTP][0m [37m<-- POST /wd/hub/session/c16f6e0f-3c6b-4719-a92d-e85b64f63cd4/timeouts [39m[32m200[39m [90m2 ms - 14[39m [90m[39m
[38;5;127m[c16f6e0f][0m[38;5;86m[HTTP][0m [37m-->[39m [37mGET[39m [37m/wd/hub/session/c16f6e0f-3c6b-4719-a92d-e85b64f63cd4/element/00000000-0000-035e-ffff-ffff00000029/displayed[39m [90m{}[39m
[38;5;127m[c16f6e0f][0m[38;5;86m[HTTP][0m [37m<-- GET /wd/hub/session/c16f6e0f-3c6b-4719-a92d-e85b64f63cd4/element/00000000-0000-035e-ffff-ffff00000029/displayed [39m[32m200[39m [90m16 ms - 14[39m [90m[39m
[38;5;127m[c16f6e0f][0m[38;5;86m[HTTP][0m [37m-->[39m [37mPOST[39m [37m/wd/hub/session/c16f6e0f-3c6b-4719-a92d-e85b64f63cd4/timeouts[39m [90m{"implicit":50}[39m
[38;5;127m[c16f6e0f][0m[38;5;86m[HTTP][0m [37m<-- POST /wd/hub/session/c16f6e0f-3c6b-4719-a92d-e85b64f63cd4/timeouts [39m[32m200[39m [90m2 ms - 14[39m [90m[39m
[38;5;127m[c16f6e0f][0m[38;5;86m[HTTP][0m [37m-->[39m [37mGET[39m [37m/wd/hub/session/c16f6e0f-3c6b-4719-a92d-e85b64f63cd4/window/rect[39m [90m{}[39m
[38;5;127m[c16f6e0f][0m[38;5;86m[HTTP][0m [37m<-- GET /wd/hub/session/c16f6e0f-3c6b-4719-a92d-e85b64f63cd4/window/rect [39m[32m200[39m [90m16 ms - 50[39m [90m[39m
[38;5;127m[c16f6e0f][0m[38;5;86m[HTTP][0m [37m-->[39m [37mPOST[39m [37m/wd/hub/session/c16f6e0f-3c6b-4719-a92d-e85b64f63cd4/elements[39m [90m{"using":"xpath","value":"//*[@class = 'android.widget.ImageButton' and (@text = '' or . = '')]"}[39m
[38;5;127m[c16f6e0f][0m[38;5;86m[HTTP][0m [37m<-- POST /wd/hub/session/c16f6e0f-3c6b-4719-a92d-e85b64f63cd4/elements [39m[32m200[39m [90m56 ms - 267[39m [90m[39m
[38;5;127m[c16f6e0f][0m[38;5;86m[HTTP][0m [37m-->[39m [37mGET[39m [37m/wd/hub/session/c16f6e0f-3c6b-4719-a92d-e85b64f63cd4/element/00000000-0000-035e-ffff-ffff0000002a/location[39m [90m{}[39m
[38;5;127m[c16f6e0f][0m[38;5;-196m[AndroidUiautomator2Driver@13d9][0m Driver proxy active, passing request on via HTTP proxy
[38;5;127m[c16f6e0f][0m[38;5;-196m[AndroidUiautomator2Driver@13d9][0m Replacing sessionId dd738b81-5c2d-4a9c-828a-a3cca468b2f9 with c16f6e0f-3c6b-4719-a92d-e85b64f63cd4
[38;5;127m[c16f6e0f][0m[38;5;86m[HTTP][0m [37m<-- GET /wd/hub/session/c16f6e0f-3c6b-4719-a92d-e85b64f63cd4/element/00000000-0000-035e-ffff-ffff0000002a/location [39m[32m200[39m [90m24 ms - 76[39m [90m[39m
[38;5;127m[c16f6e0f][0m[38;5;86m[HTTP][0m [37m-->[39m [37mPOST[39m [37m/wd/hub/session/c16f6e0f-3c6b-4719-a92d-e85b64f63cd4/timeouts[39m [90m{"implicit":30000}[39m
[38;5;127m[c16f6e0f][0m[38;5;86m[HTTP][0m [37m<-- POST /wd/hub/session/c16f6e0f-3c6b-4719-a92d-e85b64f63cd4/timeouts [39m[32m200[39m [90m2 ms - 14[39m [90m[39m
[38;5;127m[c16f6e0f][0m[38;5;86m[HTTP][0m [37m-->[39m [37mPOST[39m [37m/wd/hub/session/c16f6e0f-3c6b-4719-a92d-e85b64f63cd4/element/00000000-0000-035e-ffff-ffff0000002a/click[39m [90m{"id":"00000000-0000-035e-ffff-ffff0000002a"}[39m
[38;5;127m[c16f6e0f][0m[38;5;86m[HTTP][0m [37m<-- POST /wd/hub/session/c16f6e0f-3c6b-4719-a92d-e85b64f63cd4/element/00000000-0000-035e-ffff-ffff0000002a/click [39m[32m200[39m [90m68 ms - 14[39m [90m[39m
[38;5;127m[c16f6e0f][0m[38;5;86m[HTTP][0m [37m-->[39m [37mPOST[39m [37m/wd/hub/session/c16f6e0f-3c6b-4719-a92d-e85b64f63cd4/timeouts[39m [90m{"implicit":50}[39m
[38;5;127m[c16f6e0f][0m[38;5;86m[HTTP][0m [37m<-- POST /wd/hub/session/c16f6e0f-3c6b-4719-a92d-e85b64f63cd4/timeouts [39m[32m200[39m [90m3 ms - 14[39m [90m[39m
[38;5;127m[c16f6e0f][0m[38;5;86m[HTTP][0m [37m-->[39m [37mGET[39m [37m/wd/hub/session/c16f6e0f-3c6b-4719-a92d-e85b64f63cd4/window/rect[39m [90m{}[39m
[38;5;127m[c16f6e0f][0m[38;5;86m[HTTP][0m [37m<-- GET /wd/hub/session/c16f6e0f-3c6b-4719-a92d-e85b64f63cd4/window/rect [39m[32m200[39m [90m21 ms - 50[39m [90m[39m
[38;5;127m[c16f6e0f][0m[38;5;86m[HTTP][0m [37m-->[39m [37mPOST[39m [37m/wd/hub/session/c16f6e0f-3c6b-4719-a92d-e85b64f63cd4/elements[39m [90m{"using":"xpath","value":"//*[@class = 'android.widget.CheckedTextView' and (@text = 'Category' or . = 'Category') and @resource-id = 'com.avinashproduct.todo:id/design_menu_item_text']"}[39m
[38;5;127m[c16f6e0f][0m[38;5;86m[HTTP][0m [37m<-- POST /wd/hub/session/c16f6e0f-3c6b-4719-a92d-e85b64f63cd4/elements [39m[32m200[39m [90m1677 ms - 139[39m [90m[39m
[38;5;127m[c16f6e0f][0m[38;5;86m[HTTP][0m [37m-->[39m [37mGET[39m [37m/wd/hub/session/c16f6e0f-3c6b-4719-a92d-e85b64f63cd4/element/00000000-0000-035e-ffff-ffff0000003f/location[39m [90m{}[39m
[38;5;127m[c16f6e0f][0m[38;5;-196m[AndroidUiautomator2Driver@13d9][0m Driver proxy active, passing request on via HTTP proxy
[38;5;127m[c16f6e0f][0m[38;5;-196m[AndroidUiautomator2Driver@13d9][0m Replacing sessionId dd738b81-5c2d-4a9c-828a-a3cca468b2f9 with c16f6e0f-3c6b-4719-a92d-e85b64f63cd4
[38;5;127m[c16f6e0f][0m[38;5;86m[HTTP][0m [37m<-- GET /wd/hub/session/c16f6e0f-3c6b-4719-a92d-e85b64f63cd4/element/00000000-0000-035e-ffff-ffff0000003f/location [39m[32m200[39m [90m57 ms - 77[39m [90m[39m
[38;5;127m[c16f6e0f][0m[38;5;86m[HTTP][0m [37m-->[39m [37mPOST[39m [37m/wd/hub/session/c16f6e0f-3c6b-4719-a92d-e85b64f63cd4/timeouts[39m [90m{"implicit":30000}[39m
[38;5;127m[c16f6e0f][0m[38;5;86m[HTTP][0m [37m<-- POST /wd/hub/session/c16f6e0f-3c6b-4719-a92d-e85b64f63cd4/timeouts [39m[32m200[39m [90m1 ms - 14[39m [90m[39m
[38;5;127m[c16f6e0f][0m[38;5;86m[HTTP][0m [37m-->[39m [37mPOST[39m [37m/wd/hub/session/c16f6e0f-3c6b-4719-a92d-e85b64f63cd4/element/00000000-0000-035e-ffff-ffff0000003f/click[39m [90m{"id":"00000000-0000-035e-ffff-ffff0000003f"}[39m
[38;5;127m[c16f6e0f][0m[38;5;86m[HTTP][0m [37m<-- POST /wd/hub/session/c16f6e0f-3c6b-4719-a92d-e85b64f63cd4/element/00000000-0000-035e-ffff-ffff0000003f/click [39m[32m200[39m [90m89 ms - 14[39m [90m[39m
[38;5;127m[c16f6e0f][0m[38;5;86m[HTTP][0m [37m-->[39m [37mPOST[39m [37m/wd/hub/session/c16f6e0f-3c6b-4719-a92d-e85b64f63cd4/timeouts[39m [90m{"implicit":50}[39m
[38;5;127m[c16f6e0f][0m[38;5;86m[HTTP][0m [37m<-- POST /wd/hub/session/c16f6e0f-3c6b-4719-a92d-e85b64f63cd4/timeouts [39m[32m200[39m [90m3 ms - 14[39m [90m[39m
[38;5;127m[c16f6e0f][0m[38;5;86m[HTTP][0m [37m-->[39m [37mGET[39m [37m/wd/hub/session/c16f6e0f-3c6b-4719-a92d-e85b64f63cd4/window/rect[39m [90m{}[39m
[38;5;127m[c16f6e0f][0m[38;5;86m[HTTP][0m [37m<-- GET /wd/hub/session/c16f6e0f-3c6b-4719-a92d-e85b64f63cd4/window/rect [39m[32m200[39m [90m29 ms - 50[39m [90m[39m
[38;5;127m[c16f6e0f][0m[38;5;86m[HTTP][0m [37m-->[39m [37mPOST[39m [37m/wd/hub/session/c16f6e0f-3c6b-4719-a92d-e85b64f63cd4/elements[39m [90m{"using":"xpath","value":"//*[@class = 'android.widget.TextView' and (@text = 'Category' or . = 'Category')]"}[39m
[38;5;127m[c16f6e0f][0m[38;5;86m[HTTP][0m [37m<-- POST /wd/hub/session/c16f6e0f-3c6b-4719-a92d-e85b64f63cd4/elements [39m[32m200[39m [90m1347 ms - 139[39m [90m[39m
[38;5;127m[c16f6e0f][0m[38;5;86m[HTTP][0m [37m-->[39m [37mGET[39m [37m/wd/hub/session/c16f6e0f-3c6b-4719-a92d-e85b64f63cd4/element/00000000-0000-035e-ffff-ffff00000029/location[39m [90m{}[39m
[38;5;127m[c16f6e0f][0m[38;5;-196m[AndroidUiautomator2Driver@13d9][0m Driver proxy active, passing request on via HTTP proxy
[38;5;127m[c16f6e0f][0m[38;5;-196m[AndroidUiautomator2Driver@13d9][0m Replacing sessionId dd738b81-5c2d-4a9c-828a-a3cca468b2f9 with c16f6e0f-3c6b-4719-a92d-e85b64f63cd4
[38;5;127m[c16f6e0f][0m[38;5;86m[HTTP][0m [37m<-- GET /wd/hub/session/c16f6e0f-3c6b-4719-a92d-e85b64f63cd4/element/00000000-0000-035e-ffff-ffff00000029/location [39m[32m200[39m [90m487 ms - 78[39m [90m[39m
[38;5;127m[c16f6e0f][0m[38;5;86m[HTTP][0m [37m-->[39m [37mPOST[39m [37m/wd/hub/session/c16f6e0f-3c6b-4719-a92d-e85b64f63cd4/timeouts[39m [90m{"implicit":30000}[39m
[38;5;127m[c16f6e0f][0m[38;5;86m[HTTP][0m [37m<-- POST /wd/hub/session/c16f6e0f-3c6b-4719-a92d-e85b64f63cd4/timeouts [39m[32m200[39m [90m2 ms - 14[39m [90m[39m
[38;5;127m[c16f6e0f][0m[38;5;86m[HTTP][0m [37m-->[39m [37mGET[39m [37m/wd/hub/session/c16f6e0f-3c6b-4719-a92d-e85b64f63cd4/element/00000000-0000-035e-ffff-ffff00000029/displayed[39m [90m{}[39m
[38;5;127m[c16f6e0f][0m[38;5;86m[HTTP][0m [37m<-- GET /wd/hub/session/c16f6e0f-3c6b-4719-a92d-e85b64f63cd4/element/00000000-0000-035e-ffff-ffff00000029/displayed [39m[32m200[39m [90m28 ms - 14[39m [90m[39m
[38;5;127m[c16f6e0f][0m[38;5;86m[HTTP][0m [37m-->[39m [37mPOST[39m [37m/wd/hub/session/c16f6e0f-3c6b-4719-a92d-e85b64f63cd4/timeouts[39m [90m{"implicit":50}[39m
[38;5;127m[c16f6e0f][0m[38;5;86m[HTTP][0m [37m<-- POST /wd/hub/session/c16f6e0f-3c6b-4719-a92d-e85b64f63cd4/timeouts [39m[32m200[39m [90m2 ms - 14[39m [90m[39m
[38;5;127m[c16f6e0f][0m[38;5;86m[HTTP][0m [37m-->[39m [37mGET[39m [37m/wd/hub/session/c16f6e0f-3c6b-4719-a92d-e85b64f63cd4/window/rect[39m [90m{}[39m
[38;5;127m[c16f6e0f][0m[38;5;86m[HTTP][0m [37m<-- GET /wd/hub/session/c16f6e0f-3c6b-4719-a92d-e85b64f63cd4/window/rect [39m[32m200[39m [90m27 ms - 50[39m [90m[39m
[38;5;127m[c16f6e0f][0m[38;5;86m[HTTP][0m [37m-->[39m [37mPOST[39m [37m/wd/hub/session/c16f6e0f-3c6b-4719-a92d-e85b64f63cd4/elements[39m [90m{"using":"xpath","value":"//*[@class = 'android.widget.ImageView' and @resource-id = 'com.avinashproduct.todo:id/imgDeleteCategory' and (@text = '' or . = '')]"}[39m
[38;5;127m[c16f6e0f][0m[38;5;86m[HTTP][0m [37m<-- POST /wd/hub/session/c16f6e0f-3c6b-4719-a92d-e85b64f63cd4/elements [39m[32m200[39m [90m225 ms - 651[39m [90m[39m
[38;5;127m[c16f6e0f][0m[38;5;86m[HTTP][0m [37m-->[39m [37mGET[39m [37m/wd/hub/session/c16f6e0f-3c6b-4719-a92d-e85b64f63cd4/element/00000000-0000-035e-ffff-ffff0000005d/location[39m [90m{}[39m
[38;5;127m[c16f6e0f][0m[38;5;-196m[AndroidUiautomator2Driver@13d9][0m Driver proxy active, passing request on via HTTP proxy
[38;5;127m[c16f6e0f][0m[38;5;-196m[AndroidUiautomator2Driver@13d9][0m Replacing sessionId dd738b81-5c2d-4a9c-828a-a3cca468b2f9 with c16f6e0f-3c6b-4719-a92d-e85b64f63cd4
[38;5;127m[c16f6e0f][0m[38;5;86m[HTTP][0m [37m<-- GET /wd/hub/session/c16f6e0f-3c6b-4719-a92d-e85b64f63cd4/element/00000000-0000-035e-ffff-ffff0000005d/location [39m[32m200[39m [90m503 ms - 78[39m [90m[39m
[38;5;127m[c16f6e0f][0m[38;5;86m[HTTP][0m [37m-->[39m [37mPOST[39m [37m/wd/hub/session/c16f6e0f-3c6b-4719-a92d-e85b64f63cd4/timeouts[39m [90m{"implicit":30000}[39m
[38;5;127m[c16f6e0f][0m[38;5;86m[HTTP][0m [37m<-- POST /wd/hub/session/c16f6e0f-3c6b-4719-a92d-e85b64f63cd4/timeouts [39m[32m200[39m [90m1 ms - 14[39m [90m[39m
[38;5;127m[c16f6e0f][0m[38;5;86m[HTTP][0m [37m-->[39m [37mPOST[39m [37m/wd/hub/session/c16f6e0f-3c6b-4719-a92d-e85b64f63cd4/element/00000000-0000-035e-ffff-ffff0000005d/click[39m [90m{"id":"00000000-0000-035e-ffff-ffff0000005d"}[39m
[38;5;127m[c16f6e0f][0m[38;5;86m[HTTP][0m [37m<-- POST /wd/hub/session/c16f6e0f-3c6b-4719-a92d-e85b64f63cd4/element/00000000-0000-035e-ffff-ffff0000005d/click [39m[32m200[39m [90m76 ms - 14[39m [90m[39m
[38;5;127m[c16f6e0f][0m[38;5;86m[HTTP][0m [37m-->[39m [37mPOST[39m [37m/wd/hub/session/c16f6e0f-3c6b-4719-a92d-e85b64f63cd4/timeouts[39m [90m{"implicit":50}[39m
[38;5;127m[c16f6e0f][0m[38;5;86m[HTTP][0m [37m<-- POST /wd/hub/session/c16f6e0f-3c6b-4719-a92d-e85b64f63cd4/timeouts [39m[32m200[39m [90m2 ms - 14[39m [90m[39m
[38;5;127m[c16f6e0f][0m[38;5;86m[HTTP][0m [37m-->[39m [37mGET[39m [37m/wd/hub/session/c16f6e0f-3c6b-4719-a92d-e85b64f63cd4/window/rect[39m [90m{}[39m
[38;5;127m[c16f6e0f][0m[38;5;86m[HTTP][0m [37m<-- GET /wd/hub/session/c16f6e0f-3c6b-4719-a92d-e85b64f63cd4/window/rect [39m[32m200[39m [90m23 ms - 50[39m [90m[39m
[38;5;127m[c16f6e0f][0m[38;5;86m[HTTP][0m [37m-->[39m [37mPOST[39m [37m/wd/hub/session/c16f6e0f-3c6b-4719-a92d-e85b64f63cd4/elements[39m [90m{"using":"xpath","value":"//*[@class = 'android.widget.Button' and (@text = 'DELETE' or . = 'DELETE') and @resource-id = 'android:id/button1']"}[39m
[38;5;127m[c16f6e0f][0m[38;5;86m[HTTP][0m [37m<-- POST /wd/hub/session/c16f6e0f-3c6b-4719-a92d-e85b64f63cd4/elements [39m[32m200[39m [90m1335 ms - 139[39m [90m[39m
[38;5;127m[c16f6e0f][0m[38;5;86m[HTTP][0m [37m-->[39m [37mGET[39m [37m/wd/hub/session/c16f6e0f-3c6b-4719-a92d-e85b64f63cd4/element/00000000-0000-035f-ffff-ffff0000008b/location[39m [90m{}[39m
[38;5;127m[c16f6e0f][0m[38;5;-196m[AndroidUiautomator2Driver@13d9][0m Driver proxy active, passing request on via HTTP proxy
[38;5;127m[c16f6e0f][0m[38;5;-196m[AndroidUiautomator2Driver@13d9][0m Replacing sessionId dd738b81-5c2d-4a9c-828a-a3cca468b2f9 with c16f6e0f-3c6b-4719-a92d-e85b64f63cd4
[38;5;127m[c16f6e0f][0m[38;5;86m[HTTP][0m [37m<-- GET /wd/hub/session/c16f6e0f-3c6b-4719-a92d-e85b64f63cd4/element/00000000-0000-035f-ffff-ffff0000008b/location [39m[32m200[39m [90m781 ms - 79[39m [90m[39m
[38;5;127m[c16f6e0f][0m[38;5;86m[HTTP][0m [37m-->[39m [37mPOST[39m [37m/wd/hub/session/c16f6e0f-3c6b-4719-a92d-e85b64f63cd4/timeouts[39m [90m{"implicit":30000}[39m
[38;5;127m[c16f6e0f][0m[38;5;86m[HTTP][0m [37m<-- POST /wd/hub/session/c16f6e0f-3c6b-4719-a92d-e85b64f63cd4/timeouts [39m[32m200[39m [90m1 ms - 14[39m [90m[39m
[38;5;127m[c16f6e0f][0m[38;5;86m[HTTP][0m [37m-->[39m [37mPOST[39m [37m/wd/hub/session/c16f6e0f-3c6b-4719-a92d-e85b64f63cd4/element/00000000-0000-035f-ffff-ffff0000008b/click[39m [90m{"id":"00000000-0000-035f-ffff-ffff0000008b"}[39m
[38;5;127m[c16f6e0f][0m[38;5;86m[HTTP][0m [37m<-- POST /wd/hub/session/c16f6e0f-3c6b-4719-a92d-e85b64f63cd4/element/00000000-0000-035f-ffff-ffff0000008b/click [39m[32m200[39m [90m85 ms - 14[39m [90m[39m
[38;5;127m[c16f6e0f][0m[38;5;86m[HTTP][0m [37m-->[39m [37mGET[39m [37m/wd/hub/session/c16f6e0f-3c6b-4719-a92d-e85b64f63cd4/context[39m [90m{}[39m
[38;5;127m[c16f6e0f][0m[38;5;86m[HTTP][0m [37m<-- GET /wd/hub/session/c16f6e0f-3c6b-4719-a92d-e85b64f63cd4/context [39m[32m200[39m [90m3 ms - 22[39m [90m[39m
[38;5;127m[c16f6e0f][0m[38;5;86m[HTTP][0m [37m-->[39m [37mGET[39m [37m/wd/hub/session/c16f6e0f-3c6b-4719-a92d-e85b64f63cd4/contexts[39m [90m{}[39m
[38;5;127m[c16f6e0f][0m[38;5;86m[HTTP][0m [37m<-- GET /wd/hub/session/c16f6e0f-3c6b-4719-a92d-e85b64f63cd4/contexts [39m[32m200[39m [90m486 ms - 41[39m [90m[39m
[38;5;127m[c16f6e0f][0m[38;5;86m[HTTP][0m [37m-->[39m [37mPOST[39m [37m/wd/hub/session/c16f6e0f-3c6b-4719-a92d-e85b64f63cd4/context[39m [90m{"name":"NATIVE_APP"}[39m
[38;5;127m[c16f6e0f][0m[38;5;86m[HTTP][0m [37m<-- POST /wd/hub/session/c16f6e0f-3c6b-4719-a92d-e85b64f63cd4/context [39m[32m200[39m [90m2 ms - 14[39m [90m[39m
[38;5;127m[c16f6e0f][0m[38;5;86m[HTTP][0m [37m-->[39m [37mGET[39m [37m/wd/hub/session/c16f6e0f-3c6b-4719-a92d-e85b64f63cd4/appium/device/current_package[39m [90m{}[39m
[38;5;127m[c16f6e0f][0m[38;5;86m[HTTP][0m [37m<-- GET /wd/hub/session/c16f6e0f-3c6b-4719-a92d-e85b64f63cd4/appium/device/current_package [39m[32m200[39m [90m102 ms - 35[39m [90m[39m
[38;5;127m[c16f6e0f][0m[38;5;86m[HTTP][0m [37m-->[39m [37mPOST[39m [37m/wd/hub/session/c16f6e0f-3c6b-4719-a92d-e85b64f63cd4/appium/device/terminate_app[39m [90m{"bundleId":"com.avinashproduct.todo"}[39m
[38;5;127m[c16f6e0f][0m[38;5;-196m[AndroidUiautomator2Driver@13d9][0m Terminating 'com.avinashproduct.todo'
[38;5;127m[c16f6e0f][0m[38;5;-196m[AndroidUiautomator2Driver@13d9][0m Querying the state of 'com.avinashproduct.todo'
[38;5;127m[c16f6e0f][0m[38;5;-196m[AndroidUiautomator2Driver@13d9][0m 'com.avinashproduct.todo' has been successfully terminated
[38;5;127m[c16f6e0f][0m[38;5;86m[HTTP][0m [37m<-- POST /wd/hub/session/c16f6e0f-3c6b-4719-a92d-e85b64f63cd4/appium/device/terminate_app [39m[32m200[39m [90m725 ms - 14[39m [90m[39m
[38;5;127m[c16f6e0f][0m[38;5;86m[HTTP][0m [37m-->[39m [37mPOST[39m [37m/wd/hub/session/c16f6e0f-3c6b-4719-a92d-e85b64f63cd4/context[39m [90m{"name":"NATIVE_APP"}[39m
[38;5;127m[c16f6e0f][0m[38;5;86m[HTTP][0m [37m<-- POST /wd/hub/session/c16f6e0f-3c6b-4719-a92d-e85b64f63cd4/context [39m[32m200[39m [90m2 ms - 14[39m [90m[39m
[38;5;127m[c16f6e0f][0m[38;5;86m[HTTP][0m [37m-->[39m [37mDELETE[39m [37m/wd/hub/session/c16f6e0f-3c6b-4719-a92d-e85b64f63cd4[39m [90m{}[39m
[38;5;127m[c16f6e0f][0m[38;5;98m[AppiumDriver@e0f5][0m Removing session c16f6e0f-3c6b-4719-a92d-e85b64f63cd4 from our master session list
[38;5;127m[c16f6e0f][0m[38;5;229m[ADB][0m com.avinashproduct.todo was successfully uninstalled
[38;5;127m[c16f6e0f][0m[38;5;-196m[AndroidUiautomator2Driver@13d9][0m Restoring hidden api policy to the device default configuration
[38;5;127m[c16f6e0f][0m[38;5;86m[HTTP][0m [37m<-- DELETE /wd/hub/session/c16f6e0f-3c6b-4719-a92d-e85b64f63cd4 [39m[32m200[39m [90m2313 ms - 14[39m [90m[39m
